<?xml version="1.0" encoding="UTF-8"?>
<coverage generated="1581252839367" clover="3.2.0">
  <project timestamp="1581252839368" name="All files">
    <metrics statements="16" coveredstatements="13" conditionals="4" coveredconditionals="2" methods="6" coveredmethods="5" elements="26" coveredelements="20" complexity="0" loc="16" ncloc="16" packages="1" files="2" classes="2"/>
    <file name="github.js" path="S:\Projects\super\testing\src\github.js">
      <metrics statements="7" coveredstatements="6" conditionals="2" coveredconditionals="1" methods="2" coveredmethods="2"/>
      <line num="1" count="2" type="stmt"/>
      <line num="4" count="1" type="cond" truecount="1" falsecount="1"/>
      <line num="5" count="0" type="stmt"/>
      <line num="8" count="1" type="stmt"/>
      <line num="10" count="1" type="stmt"/>
      <line num="12" count="5" type="stmt"/>
      <line num="15" count="2" type="stmt"/>
    </file>
    <file name="smart-github.js" path="S:\Projects\super\testing\src\smart-github.js">
      <metrics statements="9" coveredstatements="7" conditionals="2" coveredconditionals="1" methods="4" coveredmethods="3"/>
      <line num="1" count="1" type="stmt"/>
      <line num="5" count="1" type="cond" truecount="1" falsecount="1"/>
      <line num="6" count="0" type="stmt"/>
      <line num="8" count="1" type="stmt"/>
      <line num="9" count="1" type="stmt"/>
      <line num="13" count="1" type="stmt"/>
      <line num="15" count="2" type="stmt"/>
      <line num="22" count="0" type="stmt"/>
      <line num="26" count="1" type="stmt"/>
    </file>
  </project>
</coverage>
