{"S:\\Projects\\super\\testing\\src\\github.js": {"path":"S:\\Projects\\super\\testing\\src\\github.js","statementMap":{"0":{"start":{"line":1,"column":14},"end":{"line":1,"column":30}},"1":{"start":{"line":4,"column":2},"end":{"line":6,"column":3}},"2":{"start":{"line":5,"column":4},"end":{"line":5,"column":48}},"3":{"start":{"line":8,"column":21},"end":{"line":8,"column":69}},"4":{"start":{"line":10,"column":19},"end":{"line":10,"column":46}},"5":{"start":{"line":12,"column":2},"end":{"line":12,"column":46}},"6":{"start":{"line":12,"column":35},"end":{"line":12,"column":44}},"7":{"start":{"line":15,"column":0},"end":{"line":15,"column":42}}},"fnMap":{"0":{"name":"getRepositories","decl":{"start":{"line":3,"column":15},"end":{"line":3,"column":30}},"loc":{"start":{"line":3,"column":41},"end":{"line":13,"column":1}},"line":3},"1":{"name":"(anonymous_1)","decl":{"start":{"line":12,"column":27},"end":{"line":12,"column":28}},"loc":{"start":{"line":12,"column":35},"end":{"line":12,"column":44}},"line":12}},"branchMap":{"0":{"loc":{"start":{"line":4,"column":2},"end":{"line":6,"column":3}},"type":"if","locations":[{"start":{"line":4,"column":2},"end":{"line":6,"column":3}},{"start":{"line":4,"column":2},"end":{"line":6,"column":3}}],"line":4}},"s":{"0":2,"1":1,"2":0,"3":1,"4":1,"5":1,"6":5,"7":2},"f":{"0":1,"1":5},"b":{"0":[0,1]},"_coverageSchema":"1a1c01bbd47fc00a2c39e90264f33305004495a9","hash":"959215ac19ba95bc28812757d51425beb457ad0d"}
,"S:\\Projects\\super\\testing\\src\\smart-github.js": {"path":"S:\\Projects\\super\\testing\\src\\smart-github.js","statementMap":{"0":{"start":{"line":1,"column":15},"end":{"line":1,"column":34}},"1":{"start":{"line":5,"column":4},"end":{"line":7,"column":5}},"2":{"start":{"line":6,"column":6},"end":{"line":6,"column":50}},"3":{"start":{"line":8,"column":4},"end":{"line":8,"column":29}},"4":{"start":{"line":9,"column":4},"end":{"line":9,"column":25}},"5":{"start":{"line":13,"column":18},"end":{"line":13,"column":66}},"6":{"start":{"line":15,"column":4},"end":{"line":18,"column":8}},"7":{"start":{"line":15,"column":34},"end":{"line":18,"column":5}},"8":{"start":{"line":22,"column":4},"end":{"line":22,"column":20}},"9":{"start":{"line":26,"column":0},"end":{"line":26,"column":29}}},"fnMap":{"0":{"name":"(anonymous_0)","decl":{"start":{"line":4,"column":2},"end":{"line":4,"column":3}},"loc":{"start":{"line":4,"column":24},"end":{"line":10,"column":3}},"line":4},"1":{"name":"(anonymous_1)","decl":{"start":{"line":12,"column":2},"end":{"line":12,"column":3}},"loc":{"start":{"line":12,"column":26},"end":{"line":19,"column":3}},"line":12},"2":{"name":"(anonymous_2)","decl":{"start":{"line":15,"column":21},"end":{"line":15,"column":22}},"loc":{"start":{"line":15,"column":34},"end":{"line":18,"column":5}},"line":15},"3":{"name":"(anonymous_3)","decl":{"start":{"line":21,"column":2},"end":{"line":21,"column":3}},"loc":{"start":{"line":21,"column":13},"end":{"line":23,"column":3}},"line":21}},"branchMap":{"0":{"loc":{"start":{"line":5,"column":4},"end":{"line":7,"column":5}},"type":"if","locations":[{"start":{"line":5,"column":4},"end":{"line":7,"column":5}},{"start":{"line":5,"column":4},"end":{"line":7,"column":5}}],"line":5}},"s":{"0":1,"1":1,"2":0,"3":1,"4":1,"5":1,"6":1,"7":2,"8":0,"9":1},"f":{"0":1,"1":1,"2":2,"3":0},"b":{"0":[0,1]},"_coverageSchema":"1a1c01bbd47fc00a2c39e90264f33305004495a9","hash":"72936272c7bcb2f3bd040d5d4a7a1ea7cec0d346"}
}
