TN:
SF:src\github.js
FN:3,getRepositories
FN:12,(anonymous_1)
FNF:2
FNH:2
FNDA:1,getRepositories
FNDA:5,(anonymous_1)
DA:1,2
DA:4,1
DA:5,0
DA:8,1
DA:10,1
DA:12,5
DA:15,2
LF:7
LH:6
BRDA:4,0,0,0
BRDA:4,0,1,1
BRF:2
BRH:1
end_of_record
TN:
SF:src\smart-github.js
FN:4,(anonymous_0)
FN:12,(anonymous_1)
FN:15,(anonymous_2)
FN:21,(anonymous_3)
FNF:4
FNH:3
FNDA:1,(anonymous_0)
FNDA:1,(anonymous_1)
FNDA:2,(anonymous_2)
FNDA:0,(anonymous_3)
DA:1,1
DA:5,1
DA:6,0
DA:8,1
DA:9,1
DA:13,1
DA:15,2
DA:22,0
DA:26,1
LF:9
LH:7
BRDA:5,0,0,0
BRDA:5,0,1,1
BRF:2
BRH:1
end_of_record
